
INFO 2016-06-07 00:04:07,628 forms Rol RoleRole de Federico Project ha sido creado por 
INFO 2016-06-07 00:04:11,617 forms Rol RoleRole de Federico Project ha sido eliminado por 
INFO 2016-06-07 00:04:23,514 forms Flow FlowFlow de Federico Project ha sido creado por 
INFO 2016-06-07 00:04:27,068 forms Flow FlowFlow de Federico Project ha sido eliminado por 
INFO 2016-06-07 00:04:40,893 views Tipo de User Story de Federico Project ha sido creado por Carlos Federico Gaona Ruiz Diaz
INFO 2016-06-07 00:04:44,399 views Tipo de User Story de Federico Project ha sido eliminado por Carlos Federico Gaona Ruiz Diaz
INFO 2016-06-07 00:04:58,641 views User Story de Federico Project ha sido creado por Carlos Federico Gaona Ruiz Diaz
INFO 2016-06-07 00:05:01,463 views User Story de Federico Project ha sido deleted por Carlos Federico Gaona Ruiz Diaz
INFO 2016-06-07 00:05:14,697 forms Sprint Sprint 4 de Federico Project ha sido creado por 
INFO 2016-06-07 00:05:18,967 forms Sprint Sprint 4 de Federico Project ha sido eliminado por 
INFO 2016-06-07 00:22:09,024 forms Rol mumu de Federico Project ha sido creado por 
INFO 2016-06-07 00:25:08,232 forms Rol mumu de Federico Project ha sido modificado por 
INFO 2016-06-07 00:25:14,577 forms Rol mumu de Federico Project ha sido eliminado por 
INFO 2016-06-07 00:27:20,540 forms Flujo re2 de Federico Project ha sido modificado por 
INFO 2016-06-07 00:27:40,094 forms Sprint Sprint 5 de Federico Project ha sido creado por 
INFO 2016-06-07 00:27:48,084 forms Sprint Sprint 5 de Federico Project ha sido modificado por 
INFO 2016-06-07 00:27:54,225 forms Sprint Sprint 5 de Federico Project ha sido eliminado por 
INFO 2016-06-07 01:48:12,526 forms Flow d de Federico Project ha sido creado por 
INFO 2016-06-07 17:08:34,870 forms Rol RoleRole de Federico Project ha sido creado
INFO 2016-06-07 17:08:42,170 forms Rol RoleRole de Federico Project ha sido modificado
INFO 2016-06-07 17:08:46,771 forms Rol RoleRole de Federico Project ha sido eliminado
INFO 2016-06-07 17:09:27,910 forms Flow Nuevo Flujo de Federico Project ha sido creado
INFO 2016-06-07 17:09:37,262 forms Flujo Nuevo Flujo de Federico Project ha sido modificado
INFO 2016-06-07 17:09:45,020 forms Flow Nuevo Flujo de Federico Project ha sido eliminado
INFO 2016-06-07 17:09:49,480 forms Flow dummy de Federico Project ha sido eliminado
INFO 2016-06-07 17:09:52,973 forms Flow re de Federico Project ha sido eliminado
INFO 2016-06-07 17:09:56,095 forms Flow d de Federico Project ha sido eliminado
INFO 2016-06-07 17:11:08,991 views Tipo de User Story USUS de Federico Project ha sido creado
INFO 2016-06-07 17:11:20,821 views Tipo de User Story USUS de Federico Project ha sido eliminado
INFO 2016-06-07 17:11:44,029 views User Story us de Federico Project ha sido creado
INFO 2016-06-07 17:11:54,169 views User Story us de Federico Project ha sido deleted
INFO 2016-06-07 17:12:44,034 forms Sprint Sprint 6 de Federico Project ha sido creado
INFO 2016-06-07 17:13:04,770 forms Sprint Sprint 6 de Federico Project ha sido modificado
INFO 2016-06-07 17:13:08,342 forms Sprint Sprint 6 de Federico Project ha sido eliminado
